CRITICAL - 2023-02-15 10:54:41 --> Class "App\Models\menuModel" not found
in APPPATH\Controllers\Menu.php on line 11.
 1 SYSTEMPATH\CodeIgniter.php(934): App\Controllers\Menu->index()
 2 SYSTEMPATH\CodeIgniter.php(499): CodeIgniter\CodeIgniter->runController(Object(App\Controllers\Menu))
 3 SYSTEMPATH\CodeIgniter.php(368): CodeIgniter\CodeIgniter->handleRequest(null, Object(Config\Cache), false)
 4 FCPATH\index.php(67): CodeIgniter\CodeIgniter->run()
 5 SYSTEMPATH\Commands\Server\rewrite.php(47): require_once('FCPATH\\index.php')
CRITICAL - 2023-02-15 10:55:04 --> Class "App\Models\Menu\menuModel" not found
in APPPATH\Controllers\Menu.php on line 11.
 1 SYSTEMPATH\CodeIgniter.php(934): App\Controllers\Menu->index()
 2 SYSTEMPATH\CodeIgniter.php(499): CodeIgniter\CodeIgniter->runController(Object(App\Controllers\Menu))
 3 SYSTEMPATH\CodeIgniter.php(368): CodeIgniter\CodeIgniter->handleRequest(null, Object(Config\Cache), false)
 4 FCPATH\index.php(67): CodeIgniter\CodeIgniter->run()
 5 SYSTEMPATH\Commands\Server\rewrite.php(47): require_once('FCPATH\\index.php')
CRITICAL - 2023-02-15 10:56:31 --> Class "Menu\menuModel" not found
in APPPATH\Controllers\Menu.php on line 11.
 1 SYSTEMPATH\CodeIgniter.php(934): App\Controllers\Menu->index()
 2 SYSTEMPATH\CodeIgniter.php(499): CodeIgniter\CodeIgniter->runController(Object(App\Controllers\Menu))
 3 SYSTEMPATH\CodeIgniter.php(368): CodeIgniter\CodeIgniter->handleRequest(null, Object(Config\Cache), false)
 4 FCPATH\index.php(67): CodeIgniter\CodeIgniter->run()
 5 SYSTEMPATH\Commands\Server\rewrite.php(47): require_once('FCPATH\\index.php')
CRITICAL - 2023-02-15 11:04:31 --> Call to undefined method CodeIgniter\View\View::extends()
in APPPATH\Views\Menu\menu_view.php on line 1.
 1 SYSTEMPATH\View\View.php(213): include()
 2 SYSTEMPATH\View\View.php(216): CodeIgniter\View\View->CodeIgniter\View\{closure}()
 3 SYSTEMPATH\Common.php(1177): CodeIgniter\View\View->render('/Menu/menu_view', [], true)
 4 APPPATH\Controllers\Menu.php(11): view('/Menu/menu_view')
 5 SYSTEMPATH\CodeIgniter.php(934): App\Controllers\Menu->index()
 6 SYSTEMPATH\CodeIgniter.php(499): CodeIgniter\CodeIgniter->runController(Object(App\Controllers\Menu))
 7 SYSTEMPATH\CodeIgniter.php(368): CodeIgniter\CodeIgniter->handleRequest(null, Object(Config\Cache), false)
 8 FCPATH\index.php(67): CodeIgniter\CodeIgniter->run()
 9 SYSTEMPATH\Commands\Server\rewrite.php(47): require_once('FCPATH\\index.php')
CRITICAL - 2023-02-15 11:04:54 --> Call to undefined method CodeIgniter\View\View::extends()
in APPPATH\Views\Menu\menu_view.php on line 1.
 1 SYSTEMPATH\View\View.php(213): include()
 2 SYSTEMPATH\View\View.php(216): CodeIgniter\View\View->CodeIgniter\View\{closure}()
 3 SYSTEMPATH\Common.php(1177): CodeIgniter\View\View->render('/Menu/menu_view', [], true)
 4 APPPATH\Controllers\Menu.php(11): view('/Menu/menu_view')
 5 SYSTEMPATH\CodeIgniter.php(934): App\Controllers\Menu->index()
 6 SYSTEMPATH\CodeIgniter.php(499): CodeIgniter\CodeIgniter->runController(Object(App\Controllers\Menu))
 7 SYSTEMPATH\CodeIgniter.php(368): CodeIgniter\CodeIgniter->handleRequest(null, Object(Config\Cache), false)
 8 FCPATH\index.php(67): CodeIgniter\CodeIgniter->run()
 9 SYSTEMPATH\Commands\Server\rewrite.php(47): require_once('FCPATH\\index.php')
CRITICAL - 2023-02-15 11:16:55 --> Undefined variable $menu
in APPPATH\Views\Menu\menu_view.php on line 17.
 1 APPPATH\Views\Menu\menu_view.php(17): CodeIgniter\Debug\Exceptions->errorHandler(2, 'Undefined variable $menu', 'APPPATH\\Views\\Menu\\menu_view.php', 17)
 2 SYSTEMPATH\View\View.php(213): include('APPPATH\\Views\\Menu\\menu_view.php')
 3 SYSTEMPATH\View\View.php(216): CodeIgniter\View\View->CodeIgniter\View\{closure}()
 4 SYSTEMPATH\Common.php(1177): CodeIgniter\View\View->render('/Menu/menu_view', [], true)
 5 APPPATH\Controllers\Menu.php(11): view('/Menu/menu_view')
 6 SYSTEMPATH\CodeIgniter.php(934): App\Controllers\Menu->index()
 7 SYSTEMPATH\CodeIgniter.php(499): CodeIgniter\CodeIgniter->runController(Object(App\Controllers\Menu))
 8 SYSTEMPATH\CodeIgniter.php(368): CodeIgniter\CodeIgniter->handleRequest(null, Object(Config\Cache), false)
 9 FCPATH\index.php(67): CodeIgniter\CodeIgniter->run()
10 SYSTEMPATH\Commands\Server\rewrite.php(47): require_once('FCPATH\\index.php')
CRITICAL - 2023-02-15 11:17:15 --> Undefined variable $menu
in APPPATH\Views\Menu\menu_view.php on line 17.
 1 APPPATH\Views\Menu\menu_view.php(17): CodeIgniter\Debug\Exceptions->errorHandler(2, 'Undefined variable $menu', 'APPPATH\\Views\\Menu\\menu_view.php', 17)
 2 SYSTEMPATH\View\View.php(213): include('APPPATH\\Views\\Menu\\menu_view.php')
 3 SYSTEMPATH\View\View.php(216): CodeIgniter\View\View->CodeIgniter\View\{closure}()
 4 SYSTEMPATH\Common.php(1177): CodeIgniter\View\View->render('/Menu/menu_view', [], true)
 5 APPPATH\Controllers\Menu.php(11): view('/Menu/menu_view')
 6 SYSTEMPATH\CodeIgniter.php(934): App\Controllers\Menu->index()
 7 SYSTEMPATH\CodeIgniter.php(499): CodeIgniter\CodeIgniter->runController(Object(App\Controllers\Menu))
 8 SYSTEMPATH\CodeIgniter.php(368): CodeIgniter\CodeIgniter->handleRequest(null, Object(Config\Cache), false)
 9 FCPATH\index.php(67): CodeIgniter\CodeIgniter->run()
10 SYSTEMPATH\Commands\Server\rewrite.php(47): require_once('FCPATH\\index.php')
CRITICAL - 2023-02-15 11:18:10 --> Undefined variable $menu
in APPPATH\Views\Menu\menu_view.php on line 17.
 1 APPPATH\Views\Menu\menu_view.php(17): CodeIgniter\Debug\Exceptions->errorHandler(2, 'Undefined variable $menu', 'APPPATH\\Views\\Menu\\menu_view.php', 17)
 2 SYSTEMPATH\View\View.php(213): include('APPPATH\\Views\\Menu\\menu_view.php')
 3 SYSTEMPATH\View\View.php(216): CodeIgniter\View\View->CodeIgniter\View\{closure}()
 4 SYSTEMPATH\Common.php(1177): CodeIgniter\View\View->render('/Menu/menu_view', [], true)
 5 APPPATH\Controllers\Menu.php(11): view('/Menu/menu_view')
 6 SYSTEMPATH\CodeIgniter.php(934): App\Controllers\Menu->index()
 7 SYSTEMPATH\CodeIgniter.php(499): CodeIgniter\CodeIgniter->runController(Object(App\Controllers\Menu))
 8 SYSTEMPATH\CodeIgniter.php(368): CodeIgniter\CodeIgniter->handleRequest(null, Object(Config\Cache), false)
 9 FCPATH\index.php(67): CodeIgniter\CodeIgniter->run()
10 SYSTEMPATH\Commands\Server\rewrite.php(47): require_once('FCPATH\\index.php')
CRITICAL - 2023-02-15 11:20:11 --> Undefined variable $menu
in APPPATH\Views\Menu\menu_view.php on line 17.
 1 APPPATH\Views\Menu\menu_view.php(17): CodeIgniter\Debug\Exceptions->errorHandler(2, 'Undefined variable $menu', 'APPPATH\\Views\\Menu\\menu_view.php', 17)
 2 SYSTEMPATH\View\View.php(213): include('APPPATH\\Views\\Menu\\menu_view.php')
 3 SYSTEMPATH\View\View.php(216): CodeIgniter\View\View->CodeIgniter\View\{closure}()
 4 SYSTEMPATH\Common.php(1177): CodeIgniter\View\View->render('/Menu/menu_view', [], true)
 5 APPPATH\Controllers\Menu.php(12): view('/Menu/menu_view')
 6 SYSTEMPATH\CodeIgniter.php(934): App\Controllers\Menu->index()
 7 SYSTEMPATH\CodeIgniter.php(499): CodeIgniter\CodeIgniter->runController(Object(App\Controllers\Menu))
 8 SYSTEMPATH\CodeIgniter.php(368): CodeIgniter\CodeIgniter->handleRequest(null, Object(Config\Cache), false)
 9 FCPATH\index.php(67): CodeIgniter\CodeIgniter->run()
10 SYSTEMPATH\Commands\Server\rewrite.php(47): require_once('FCPATH\\index.php')
CRITICAL - 2023-02-15 11:33:30 --> Undefined variable $menu
in APPPATH\Views\Menu\menu_view.php on line 17.
 1 APPPATH\Views\Menu\menu_view.php(17): CodeIgniter\Debug\Exceptions->errorHandler(2, 'Undefined variable $menu', 'APPPATH\\Views\\Menu\\menu_view.php', 17)
 2 SYSTEMPATH\View\View.php(213): include('APPPATH\\Views\\Menu\\menu_view.php')
 3 SYSTEMPATH\View\View.php(216): CodeIgniter\View\View->CodeIgniter\View\{closure}()
 4 SYSTEMPATH\Common.php(1177): CodeIgniter\View\View->render('/Menu/menu_view', [], true)
 5 APPPATH\Controllers\Menu.php(12): view('/Menu/menu_view')
 6 SYSTEMPATH\CodeIgniter.php(934): App\Controllers\Menu->index()
 7 SYSTEMPATH\CodeIgniter.php(499): CodeIgniter\CodeIgniter->runController(Object(App\Controllers\Menu))
 8 SYSTEMPATH\CodeIgniter.php(368): CodeIgniter\CodeIgniter->handleRequest(null, Object(Config\Cache), false)
 9 FCPATH\index.php(67): CodeIgniter\CodeIgniter->run()
10 SYSTEMPATH\Commands\Server\rewrite.php(47): require_once('FCPATH\\index.php')
CRITICAL - 2023-02-15 11:44:19 --> Undefined variable $menu
in APPPATH\Views\Menu\menu_view.php on line 17.
 1 APPPATH\Views\Menu\menu_view.php(17): CodeIgniter\Debug\Exceptions->errorHandler(2, 'Undefined variable $menu', 'APPPATH\\Views\\Menu\\menu_view.php', 17)
 2 SYSTEMPATH\View\View.php(213): include('APPPATH\\Views\\Menu\\menu_view.php')
 3 SYSTEMPATH\View\View.php(216): CodeIgniter\View\View->CodeIgniter\View\{closure}()
 4 SYSTEMPATH\Common.php(1177): CodeIgniter\View\View->render('/Menu/menu_view', [], true)
 5 APPPATH\Controllers\Menu.php(12): view('/Menu/menu_view')
 6 SYSTEMPATH\CodeIgniter.php(934): App\Controllers\Menu->index()
 7 SYSTEMPATH\CodeIgniter.php(499): CodeIgniter\CodeIgniter->runController(Object(App\Controllers\Menu))
 8 SYSTEMPATH\CodeIgniter.php(368): CodeIgniter\CodeIgniter->handleRequest(null, Object(Config\Cache), false)
 9 FCPATH\index.php(67): CodeIgniter\CodeIgniter->run()
10 SYSTEMPATH\Commands\Server\rewrite.php(47): require_once('FCPATH\\index.php')
ERROR - 2023-02-15 11:45:58 --> Error connecting to the database: mysqli_sql_exception: No connection could be made because the target machine actively refused it in E:\Data Aplikasi\Xampp\htdocs\codeigniter4\system\Database\MySQLi\Connection.php:174
Stack trace:
#0 E:\Data Aplikasi\Xampp\htdocs\codeigniter4\system\Database\MySQLi\Connection.php(174): mysqli->real_connect('localhost', 'root', '', 'siredig', 3306, '', 0)
#1 E:\Data Aplikasi\Xampp\htdocs\codeigniter4\system\Database\BaseConnection.php(391): CodeIgniter\Database\MySQLi\Connection->connect(false)
#2 E:\Data Aplikasi\Xampp\htdocs\codeigniter4\system\Database\BaseConnection.php(573): CodeIgniter\Database\BaseConnection->initialize()
#3 E:\Data Aplikasi\Xampp\htdocs\codeigniter4\system\Database\BaseBuilder.php(1602): CodeIgniter\Database\BaseConnection->query('SELECT *\nFROM `...', Array, false)
#4 E:\Data Aplikasi\Xampp\htdocs\codeigniter4\system\Model.php(240): CodeIgniter\Database\BaseBuilder->get()
#5 E:\Data Aplikasi\Xampp\htdocs\codeigniter4\system\BaseModel.php(618): CodeIgniter\Model->doFindAll(0, 0)
#6 E:\Data Aplikasi\Xampp\htdocs\codeigniter4\app\Models\menuModel.php(13): CodeIgniter\BaseModel->findAll()
#7 E:\Data Aplikasi\Xampp\htdocs\codeigniter4\app\Controllers\Menu.php(12): App\Models\menuModel->getMenu()
#8 E:\Data Aplikasi\Xampp\htdocs\codeigniter4\system\CodeIgniter.php(934): App\Controllers\Menu->index()
#9 E:\Data Aplikasi\Xampp\htdocs\codeigniter4\system\CodeIgniter.php(499): CodeIgniter\CodeIgniter->runController(Object(App\Controllers\Menu))
#10 E:\Data Aplikasi\Xampp\htdocs\codeigniter4\system\CodeIgniter.php(368): CodeIgniter\CodeIgniter->handleRequest(NULL, Object(Config\Cache), false)
#11 E:\Data Aplikasi\Xampp\htdocs\codeigniter4\public\index.php(67): CodeIgniter\CodeIgniter->run()
#12 E:\Data Aplikasi\Xampp\htdocs\codeigniter4\system\Commands\Server\rewrite.php(47): require_once('E:\\Data Aplikas...')
#13 {main}

Next CodeIgniter\Database\Exceptions\DatabaseException: No connection could be made because the target machine actively refused it in E:\Data Aplikasi\Xampp\htdocs\codeigniter4\system\Database\MySQLi\Connection.php:218
Stack trace:
#0 E:\Data Aplikasi\Xampp\htdocs\codeigniter4\system\Database\BaseConnection.php(391): CodeIgniter\Database\MySQLi\Connection->connect(false)
#1 E:\Data Aplikasi\Xampp\htdocs\codeigniter4\system\Database\BaseConnection.php(573): CodeIgniter\Database\BaseConnection->initialize()
#2 E:\Data Aplikasi\Xampp\htdocs\codeigniter4\system\Database\BaseBuilder.php(1602): CodeIgniter\Database\BaseConnection->query('SELECT *\nFROM `...', Array, false)
#3 E:\Data Aplikasi\Xampp\htdocs\codeigniter4\system\Model.php(240): CodeIgniter\Database\BaseBuilder->get()
#4 E:\Data Aplikasi\Xampp\htdocs\codeigniter4\system\BaseModel.php(618): CodeIgniter\Model->doFindAll(0, 0)
#5 E:\Data Aplikasi\Xampp\htdocs\codeigniter4\app\Models\menuModel.php(13): CodeIgniter\BaseModel->findAll()
#6 E:\Data Aplikasi\Xampp\htdocs\codeigniter4\app\Controllers\Menu.php(12): App\Models\menuModel->getMenu()
#7 E:\Data Aplikasi\Xampp\htdocs\codeigniter4\system\CodeIgniter.php(934): App\Controllers\Menu->index()
#8 E:\Data Aplikasi\Xampp\htdocs\codeigniter4\system\CodeIgniter.php(499): CodeIgniter\CodeIgniter->runController(Object(App\Controllers\Menu))
#9 E:\Data Aplikasi\Xampp\htdocs\codeigniter4\system\CodeIgniter.php(368): CodeIgniter\CodeIgniter->handleRequest(NULL, Object(Config\Cache), false)
#10 E:\Data Aplikasi\Xampp\htdocs\codeigniter4\public\index.php(67): CodeIgniter\CodeIgniter->run()
#11 E:\Data Aplikasi\Xampp\htdocs\codeigniter4\system\Commands\Server\rewrite.php(47): require_once('E:\\Data Aplikas...')
#12 {main}
CRITICAL - 2023-02-15 11:45:58 --> Unable to connect to the database.
Main connection [MySQLi]: No connection could be made because the target machine actively refused it
in SYSTEMPATH\Database\BaseConnection.php on line 427.
 1 SYSTEMPATH\Database\BaseConnection.php(573): CodeIgniter\Database\BaseConnection->initialize()
 2 SYSTEMPATH\Database\BaseBuilder.php(1602): CodeIgniter\Database\BaseConnection->query('SELECT *
FROM `menu`', [], false)
 3 SYSTEMPATH\Model.php(240): CodeIgniter\Database\BaseBuilder->get()
 4 SYSTEMPATH\BaseModel.php(618): CodeIgniter\Model->doFindAll(0, 0)
 5 APPPATH\Models\menuModel.php(13): CodeIgniter\BaseModel->findAll()
 6 APPPATH\Controllers\Menu.php(12): App\Models\menuModel->getMenu()
 7 SYSTEMPATH\CodeIgniter.php(934): App\Controllers\Menu->index()
 8 SYSTEMPATH\CodeIgniter.php(499): CodeIgniter\CodeIgniter->runController(Object(App\Controllers\Menu))
 9 SYSTEMPATH\CodeIgniter.php(368): CodeIgniter\CodeIgniter->handleRequest(null, Object(Config\Cache), false)
10 FCPATH\index.php(67): CodeIgniter\CodeIgniter->run()
11 SYSTEMPATH\Commands\Server\rewrite.php(47): require_once('FCPATH\\index.php')
ERROR - 2023-02-15 11:46:45 --> Error connecting to the database: mysqli_sql_exception: No connection could be made because the target machine actively refused it in E:\Data Aplikasi\Xampp\htdocs\codeigniter4\system\Database\MySQLi\Connection.php:174
Stack trace:
#0 E:\Data Aplikasi\Xampp\htdocs\codeigniter4\system\Database\MySQLi\Connection.php(174): mysqli->real_connect('localhost', 'root', '', 'siredig', 3306, '', 0)
#1 E:\Data Aplikasi\Xampp\htdocs\codeigniter4\system\Database\BaseConnection.php(391): CodeIgniter\Database\MySQLi\Connection->connect(false)
#2 E:\Data Aplikasi\Xampp\htdocs\codeigniter4\system\Database\BaseConnection.php(573): CodeIgniter\Database\BaseConnection->initialize()
#3 E:\Data Aplikasi\Xampp\htdocs\codeigniter4\system\Database\BaseBuilder.php(1602): CodeIgniter\Database\BaseConnection->query('SELECT *\nFROM `...', Array, false)
#4 E:\Data Aplikasi\Xampp\htdocs\codeigniter4\system\Model.php(240): CodeIgniter\Database\BaseBuilder->get()
#5 E:\Data Aplikasi\Xampp\htdocs\codeigniter4\system\BaseModel.php(618): CodeIgniter\Model->doFindAll(0, 0)
#6 E:\Data Aplikasi\Xampp\htdocs\codeigniter4\app\Models\menuModel.php(13): CodeIgniter\BaseModel->findAll()
#7 E:\Data Aplikasi\Xampp\htdocs\codeigniter4\app\Controllers\Menu.php(12): App\Models\menuModel->getMenu()
#8 E:\Data Aplikasi\Xampp\htdocs\codeigniter4\system\CodeIgniter.php(934): App\Controllers\Menu->index()
#9 E:\Data Aplikasi\Xampp\htdocs\codeigniter4\system\CodeIgniter.php(499): CodeIgniter\CodeIgniter->runController(Object(App\Controllers\Menu))
#10 E:\Data Aplikasi\Xampp\htdocs\codeigniter4\system\CodeIgniter.php(368): CodeIgniter\CodeIgniter->handleRequest(NULL, Object(Config\Cache), false)
#11 E:\Data Aplikasi\Xampp\htdocs\codeigniter4\public\index.php(67): CodeIgniter\CodeIgniter->run()
#12 E:\Data Aplikasi\Xampp\htdocs\codeigniter4\system\Commands\Server\rewrite.php(47): require_once('E:\\Data Aplikas...')
#13 {main}

Next CodeIgniter\Database\Exceptions\DatabaseException: No connection could be made because the target machine actively refused it in E:\Data Aplikasi\Xampp\htdocs\codeigniter4\system\Database\MySQLi\Connection.php:218
Stack trace:
#0 E:\Data Aplikasi\Xampp\htdocs\codeigniter4\system\Database\BaseConnection.php(391): CodeIgniter\Database\MySQLi\Connection->connect(false)
#1 E:\Data Aplikasi\Xampp\htdocs\codeigniter4\system\Database\BaseConnection.php(573): CodeIgniter\Database\BaseConnection->initialize()
#2 E:\Data Aplikasi\Xampp\htdocs\codeigniter4\system\Database\BaseBuilder.php(1602): CodeIgniter\Database\BaseConnection->query('SELECT *\nFROM `...', Array, false)
#3 E:\Data Aplikasi\Xampp\htdocs\codeigniter4\system\Model.php(240): CodeIgniter\Database\BaseBuilder->get()
#4 E:\Data Aplikasi\Xampp\htdocs\codeigniter4\system\BaseModel.php(618): CodeIgniter\Model->doFindAll(0, 0)
#5 E:\Data Aplikasi\Xampp\htdocs\codeigniter4\app\Models\menuModel.php(13): CodeIgniter\BaseModel->findAll()
#6 E:\Data Aplikasi\Xampp\htdocs\codeigniter4\app\Controllers\Menu.php(12): App\Models\menuModel->getMenu()
#7 E:\Data Aplikasi\Xampp\htdocs\codeigniter4\system\CodeIgniter.php(934): App\Controllers\Menu->index()
#8 E:\Data Aplikasi\Xampp\htdocs\codeigniter4\system\CodeIgniter.php(499): CodeIgniter\CodeIgniter->runController(Object(App\Controllers\Menu))
#9 E:\Data Aplikasi\Xampp\htdocs\codeigniter4\system\CodeIgniter.php(368): CodeIgniter\CodeIgniter->handleRequest(NULL, Object(Config\Cache), false)
#10 E:\Data Aplikasi\Xampp\htdocs\codeigniter4\public\index.php(67): CodeIgniter\CodeIgniter->run()
#11 E:\Data Aplikasi\Xampp\htdocs\codeigniter4\system\Commands\Server\rewrite.php(47): require_once('E:\\Data Aplikas...')
#12 {main}
CRITICAL - 2023-02-15 11:46:45 --> Unable to connect to the database.
Main connection [MySQLi]: No connection could be made because the target machine actively refused it
in SYSTEMPATH\Database\BaseConnection.php on line 427.
 1 SYSTEMPATH\Database\BaseConnection.php(573): CodeIgniter\Database\BaseConnection->initialize()
 2 SYSTEMPATH\Database\BaseBuilder.php(1602): CodeIgniter\Database\BaseConnection->query('SELECT *
FROM `menu`', [], false)
 3 SYSTEMPATH\Model.php(240): CodeIgniter\Database\BaseBuilder->get()
 4 SYSTEMPATH\BaseModel.php(618): CodeIgniter\Model->doFindAll(0, 0)
 5 APPPATH\Models\menuModel.php(13): CodeIgniter\BaseModel->findAll()
 6 APPPATH\Controllers\Menu.php(12): App\Models\menuModel->getMenu()
 7 SYSTEMPATH\CodeIgniter.php(934): App\Controllers\Menu->index()
 8 SYSTEMPATH\CodeIgniter.php(499): CodeIgniter\CodeIgniter->runController(Object(App\Controllers\Menu))
 9 SYSTEMPATH\CodeIgniter.php(368): CodeIgniter\CodeIgniter->handleRequest(null, Object(Config\Cache), false)
10 FCPATH\index.php(67): CodeIgniter\CodeIgniter->run()
11 SYSTEMPATH\Commands\Server\rewrite.php(47): require_once('FCPATH\\index.php')
CRITICAL - 2023-02-15 11:47:08 --> Undefined variable $menu
in APPPATH\Views\Menu\menu_view.php on line 17.
 1 APPPATH\Views\Menu\menu_view.php(17): CodeIgniter\Debug\Exceptions->errorHandler(2, 'Undefined variable $menu', 'APPPATH\\Views\\Menu\\menu_view.php', 17)
 2 SYSTEMPATH\View\View.php(213): include('APPPATH\\Views\\Menu\\menu_view.php')
 3 SYSTEMPATH\View\View.php(216): CodeIgniter\View\View->CodeIgniter\View\{closure}()
 4 SYSTEMPATH\Common.php(1177): CodeIgniter\View\View->render('/Menu/menu_view', [], true)
 5 APPPATH\Controllers\Menu.php(13): view('/Menu/menu_view')
 6 SYSTEMPATH\CodeIgniter.php(934): App\Controllers\Menu->index()
 7 SYSTEMPATH\CodeIgniter.php(499): CodeIgniter\CodeIgniter->runController(Object(App\Controllers\Menu))
 8 SYSTEMPATH\CodeIgniter.php(368): CodeIgniter\CodeIgniter->handleRequest(null, Object(Config\Cache), false)
 9 FCPATH\index.php(67): CodeIgniter\CodeIgniter->run()
10 SYSTEMPATH\Commands\Server\rewrite.php(47): require_once('FCPATH\\index.php')
CRITICAL - 2023-02-15 11:48:34 --> Call to undefined method App\Models\menuModel::getMenu
in SYSTEMPATH\Model.php on line 841.
 1 APPPATH\Controllers\Menu.php(12): CodeIgniter\Model->__call('getMenu', [])
 2 SYSTEMPATH\CodeIgniter.php(934): App\Controllers\Menu->index()
 3 SYSTEMPATH\CodeIgniter.php(499): CodeIgniter\CodeIgniter->runController(Object(App\Controllers\Menu))
 4 SYSTEMPATH\CodeIgniter.php(368): CodeIgniter\CodeIgniter->handleRequest(null, Object(Config\Cache), false)
 5 FCPATH\index.php(67): CodeIgniter\CodeIgniter->run()
 6 SYSTEMPATH\Commands\Server\rewrite.php(47): require_once('FCPATH\\index.php')
CRITICAL - 2023-02-15 11:48:58 --> Call to undefined method App\Models\menuModel::getMenu
in SYSTEMPATH\Model.php on line 841.
 1 APPPATH\Controllers\Menu.php(12): CodeIgniter\Model->__call('getMenu', [])
 2 SYSTEMPATH\CodeIgniter.php(934): App\Controllers\Menu->index()
 3 SYSTEMPATH\CodeIgniter.php(499): CodeIgniter\CodeIgniter->runController(Object(App\Controllers\Menu))
 4 SYSTEMPATH\CodeIgniter.php(368): CodeIgniter\CodeIgniter->handleRequest(null, Object(Config\Cache), false)
 5 FCPATH\index.php(67): CodeIgniter\CodeIgniter->run()
 6 SYSTEMPATH\Commands\Server\rewrite.php(47): require_once('FCPATH\\index.php')
CRITICAL - 2023-02-15 11:49:25 --> Call to undefined method App\Models\menuModel::getMenu
in SYSTEMPATH\Model.php on line 841.
 1 APPPATH\Controllers\Menu.php(12): CodeIgniter\Model->__call('getMenu', [])
 2 SYSTEMPATH\CodeIgniter.php(934): App\Controllers\Menu->index()
 3 SYSTEMPATH\CodeIgniter.php(499): CodeIgniter\CodeIgniter->runController(Object(App\Controllers\Menu))
 4 SYSTEMPATH\CodeIgniter.php(368): CodeIgniter\CodeIgniter->handleRequest(null, Object(Config\Cache), false)
 5 FCPATH\index.php(67): CodeIgniter\CodeIgniter->run()
 6 SYSTEMPATH\Commands\Server\rewrite.php(47): require_once('FCPATH\\index.php')
CRITICAL - 2023-02-15 11:49:38 --> Undefined variable $menu
in APPPATH\Views\Menu\menu_view.php on line 17.
 1 APPPATH\Views\Menu\menu_view.php(17): CodeIgniter\Debug\Exceptions->errorHandler(2, 'Undefined variable $menu', 'APPPATH\\Views\\Menu\\menu_view.php', 17)
 2 SYSTEMPATH\View\View.php(213): include('APPPATH\\Views\\Menu\\menu_view.php')
 3 SYSTEMPATH\View\View.php(216): CodeIgniter\View\View->CodeIgniter\View\{closure}()
 4 SYSTEMPATH\Common.php(1177): CodeIgniter\View\View->render('/Menu/menu_view', [], true)
 5 APPPATH\Controllers\Menu.php(12): view('/Menu/menu_view')
 6 SYSTEMPATH\CodeIgniter.php(934): App\Controllers\Menu->index()
 7 SYSTEMPATH\CodeIgniter.php(499): CodeIgniter\CodeIgniter->runController(Object(App\Controllers\Menu))
 8 SYSTEMPATH\CodeIgniter.php(368): CodeIgniter\CodeIgniter->handleRequest(null, Object(Config\Cache), false)
 9 FCPATH\index.php(67): CodeIgniter\CodeIgniter->run()
10 SYSTEMPATH\Commands\Server\rewrite.php(47): require_once('FCPATH\\index.php')
CRITICAL - 2023-02-15 11:50:33 --> Undefined variable $menu
in APPPATH\Views\Menu\menu_view.php on line 17.
 1 APPPATH\Views\Menu\menu_view.php(17): CodeIgniter\Debug\Exceptions->errorHandler(2, 'Undefined variable $menu', 'APPPATH\\Views\\Menu\\menu_view.php', 17)
 2 SYSTEMPATH\View\View.php(213): include('APPPATH\\Views\\Menu\\menu_view.php')
 3 SYSTEMPATH\View\View.php(216): CodeIgniter\View\View->CodeIgniter\View\{closure}()
 4 SYSTEMPATH\Common.php(1177): CodeIgniter\View\View->render('/Menu/menu_view', [], true)
 5 APPPATH\Controllers\Menu.php(13): view('/Menu/menu_view')
 6 SYSTEMPATH\CodeIgniter.php(934): App\Controllers\Menu->index()
 7 SYSTEMPATH\CodeIgniter.php(499): CodeIgniter\CodeIgniter->runController(Object(App\Controllers\Menu))
 8 SYSTEMPATH\CodeIgniter.php(368): CodeIgniter\CodeIgniter->handleRequest(null, Object(Config\Cache), false)
 9 FCPATH\index.php(67): CodeIgniter\CodeIgniter->run()
10 SYSTEMPATH\Commands\Server\rewrite.php(47): require_once('FCPATH\\index.php')
CRITICAL - 2023-02-15 12:01:06 --> Invalid file: "/view/tambahmenu_view.php"
in SYSTEMPATH\Exceptions\FrameworkException.php on line 33.
 1 SYSTEMPATH\View\View.php(201): CodeIgniter\Exceptions\FrameworkException::forInvalidFile('/view/tambahmenu_view.php')
 2 SYSTEMPATH\Common.php(1177): CodeIgniter\View\View->render('/view/tambahmenu_view', [], true)
 3 APPPATH\Controllers\Menu.php(26): view('/view/tambahmenu_view')
 4 SYSTEMPATH\CodeIgniter.php(934): App\Controllers\Menu->tambah()
 5 SYSTEMPATH\CodeIgniter.php(499): CodeIgniter\CodeIgniter->runController(Object(App\Controllers\Menu))
 6 SYSTEMPATH\CodeIgniter.php(368): CodeIgniter\CodeIgniter->handleRequest(null, Object(Config\Cache), false)
 7 FCPATH\index.php(67): CodeIgniter\CodeIgniter->run()
 8 SYSTEMPATH\Commands\Server\rewrite.php(47): require_once('FCPATH\\index.php')
CRITICAL - 2023-02-15 12:01:32 --> Invalid file: "/view/tambahmenu_view.php"
in SYSTEMPATH\Exceptions\FrameworkException.php on line 33.
 1 SYSTEMPATH\View\View.php(201): CodeIgniter\Exceptions\FrameworkException::forInvalidFile('/view/tambahmenu_view.php')
 2 SYSTEMPATH\Common.php(1177): CodeIgniter\View\View->render('/view/tambahmenu_view', [], true)
 3 APPPATH\Controllers\Menu.php(26): view('/view/tambahmenu_view')
 4 SYSTEMPATH\CodeIgniter.php(934): App\Controllers\Menu->tambah()
 5 SYSTEMPATH\CodeIgniter.php(499): CodeIgniter\CodeIgniter->runController(Object(App\Controllers\Menu))
 6 SYSTEMPATH\CodeIgniter.php(368): CodeIgniter\CodeIgniter->handleRequest(null, Object(Config\Cache), false)
 7 FCPATH\index.php(67): CodeIgniter\CodeIgniter->run()
 8 SYSTEMPATH\Commands\Server\rewrite.php(47): require_once('FCPATH\\index.php')
CRITICAL - 2023-02-15 12:01:40 --> Invalid file: "/view/tambahmenu_view.php"
in SYSTEMPATH\Exceptions\FrameworkException.php on line 33.
 1 SYSTEMPATH\View\View.php(201): CodeIgniter\Exceptions\FrameworkException::forInvalidFile('/view/tambahmenu_view.php')
 2 SYSTEMPATH\Common.php(1177): CodeIgniter\View\View->render('/view/tambahmenu_view', [], true)
 3 APPPATH\Controllers\Menu.php(26): view('/view/tambahmenu_view')
 4 SYSTEMPATH\CodeIgniter.php(934): App\Controllers\Menu->tambah()
 5 SYSTEMPATH\CodeIgniter.php(499): CodeIgniter\CodeIgniter->runController(Object(App\Controllers\Menu))
 6 SYSTEMPATH\CodeIgniter.php(368): CodeIgniter\CodeIgniter->handleRequest(null, Object(Config\Cache), false)
 7 FCPATH\index.php(67): CodeIgniter\CodeIgniter->run()
 8 SYSTEMPATH\Commands\Server\rewrite.php(47): require_once('FCPATH\\index.php')
CRITICAL - 2023-02-15 12:02:41 --> Invalid file: "/view/tambahmenu_view.php"
in SYSTEMPATH\Exceptions\FrameworkException.php on line 33.
 1 SYSTEMPATH\View\View.php(201): CodeIgniter\Exceptions\FrameworkException::forInvalidFile('/view/tambahmenu_view.php')
 2 SYSTEMPATH\Common.php(1177): CodeIgniter\View\View->render('/view/tambahmenu_view', [], true)
 3 APPPATH\Controllers\Menu.php(30): view('/view/tambahmenu_view', [...])
 4 SYSTEMPATH\CodeIgniter.php(934): App\Controllers\Menu->tambah()
 5 SYSTEMPATH\CodeIgniter.php(499): CodeIgniter\CodeIgniter->runController(Object(App\Controllers\Menu))
 6 SYSTEMPATH\CodeIgniter.php(368): CodeIgniter\CodeIgniter->handleRequest(null, Object(Config\Cache), false)
 7 FCPATH\index.php(67): CodeIgniter\CodeIgniter->run()
 8 SYSTEMPATH\Commands\Server\rewrite.php(47): require_once('FCPATH\\index.php')
CRITICAL - 2023-02-15 13:23:46 --> Class "App\Models\menuModel" not found
in APPPATH\Controllers\Menu.php on line 12.
 1 SYSTEMPATH\CodeIgniter.php(906): App\Controllers\Menu->__construct()
 2 SYSTEMPATH\CodeIgniter.php(490): CodeIgniter\CodeIgniter->createController()
 3 SYSTEMPATH\CodeIgniter.php(368): CodeIgniter\CodeIgniter->handleRequest(null, Object(Config\Cache), false)
 4 FCPATH\index.php(67): CodeIgniter\CodeIgniter->run()
 5 SYSTEMPATH\Commands\Server\rewrite.php(47): require_once('FCPATH\\index.php')
CRITICAL - 2023-02-15 13:23:49 --> Class "App\Models\menuModel" not found
in APPPATH\Controllers\Menu.php on line 12.
 1 SYSTEMPATH\CodeIgniter.php(906): App\Controllers\Menu->__construct()
 2 SYSTEMPATH\CodeIgniter.php(490): CodeIgniter\CodeIgniter->createController()
 3 SYSTEMPATH\CodeIgniter.php(368): CodeIgniter\CodeIgniter->handleRequest(null, Object(Config\Cache), false)
 4 FCPATH\index.php(67): CodeIgniter\CodeIgniter->run()
 5 SYSTEMPATH\Commands\Server\rewrite.php(47): require_once('FCPATH\\index.php')
ERROR - 2023-02-15 13:23:56 --> mysqli_sql_exception: Table 'siredig.news' doesn't exist in E:\Data Aplikasi\Xampp\htdocs\codeigniter4\system\Database\MySQLi\Connection.php:295
Stack trace:
#0 E:\Data Aplikasi\Xampp\htdocs\codeigniter4\system\Database\MySQLi\Connection.php(295): mysqli->query('SELECT *\nFROM `...', 0)
#1 E:\Data Aplikasi\Xampp\htdocs\codeigniter4\system\Database\BaseConnection.php(691): CodeIgniter\Database\MySQLi\Connection->execute('SELECT *\nFROM `...')
#2 E:\Data Aplikasi\Xampp\htdocs\codeigniter4\system\Database\BaseConnection.php(605): CodeIgniter\Database\BaseConnection->simpleQuery('SELECT *\nFROM `...')
#3 E:\Data Aplikasi\Xampp\htdocs\codeigniter4\system\Database\BaseBuilder.php(1602): CodeIgniter\Database\BaseConnection->query('SELECT *\nFROM `...', Array, false)
#4 E:\Data Aplikasi\Xampp\htdocs\codeigniter4\system\Model.php(240): CodeIgniter\Database\BaseBuilder->get()
#5 E:\Data Aplikasi\Xampp\htdocs\codeigniter4\system\BaseModel.php(618): CodeIgniter\Model->doFindAll(0, 0)
#6 E:\Data Aplikasi\Xampp\htdocs\codeigniter4\app\Controllers\Menu.php(17): CodeIgniter\BaseModel->findAll()
#7 E:\Data Aplikasi\Xampp\htdocs\codeigniter4\system\CodeIgniter.php(934): App\Controllers\Menu->index()
#8 E:\Data Aplikasi\Xampp\htdocs\codeigniter4\system\CodeIgniter.php(499): CodeIgniter\CodeIgniter->runController(Object(App\Controllers\Menu))
#9 E:\Data Aplikasi\Xampp\htdocs\codeigniter4\system\CodeIgniter.php(368): CodeIgniter\CodeIgniter->handleRequest(NULL, Object(Config\Cache), false)
#10 E:\Data Aplikasi\Xampp\htdocs\codeigniter4\public\index.php(67): CodeIgniter\CodeIgniter->run()
#11 E:\Data Aplikasi\Xampp\htdocs\codeigniter4\system\Commands\Server\rewrite.php(47): require_once('E:\\Data Aplikas...')
#12 {main}
CRITICAL - 2023-02-15 13:23:56 --> Table 'siredig.news' doesn't exist
in SYSTEMPATH\Database\BaseConnection.php on line 645.
 1 SYSTEMPATH\Database\BaseBuilder.php(1602): CodeIgniter\Database\BaseConnection->query('SELECT *
FROM `news`', [], false)
 2 SYSTEMPATH\Model.php(240): CodeIgniter\Database\BaseBuilder->get()
 3 SYSTEMPATH\BaseModel.php(618): CodeIgniter\Model->doFindAll(0, 0)
 4 APPPATH\Controllers\Menu.php(17): CodeIgniter\BaseModel->findAll()
 5 SYSTEMPATH\CodeIgniter.php(934): App\Controllers\Menu->index()
 6 SYSTEMPATH\CodeIgniter.php(499): CodeIgniter\CodeIgniter->runController(Object(App\Controllers\Menu))
 7 SYSTEMPATH\CodeIgniter.php(368): CodeIgniter\CodeIgniter->handleRequest(null, Object(Config\Cache), false)
 8 FCPATH\index.php(67): CodeIgniter\CodeIgniter->run()
 9 SYSTEMPATH\Commands\Server\rewrite.php(47): require_once('FCPATH\\index.php')
ERROR - 2023-02-15 14:13:40 --> mysqli_sql_exception: Column 'gambar' cannot be null in E:\Data Aplikasi\Xampp\htdocs\codeigniter4\system\Database\MySQLi\Connection.php:295
Stack trace:
#0 E:\Data Aplikasi\Xampp\htdocs\codeigniter4\system\Database\MySQLi\Connection.php(295): mysqli->query('INSERT INTO `me...', 0)
#1 E:\Data Aplikasi\Xampp\htdocs\codeigniter4\system\Database\BaseConnection.php(691): CodeIgniter\Database\MySQLi\Connection->execute('INSERT INTO `me...')
#2 E:\Data Aplikasi\Xampp\htdocs\codeigniter4\system\Database\BaseConnection.php(605): CodeIgniter\Database\BaseConnection->simpleQuery('INSERT INTO `me...')
#3 E:\Data Aplikasi\Xampp\htdocs\codeigniter4\system\Database\BaseBuilder.php(2295): CodeIgniter\Database\BaseConnection->query('INSERT INTO `me...', Array, false)
#4 E:\Data Aplikasi\Xampp\htdocs\codeigniter4\system\Model.php(329): CodeIgniter\Database\BaseBuilder->insert()
#5 E:\Data Aplikasi\Xampp\htdocs\codeigniter4\system\BaseModel.php(782): CodeIgniter\Model->doInsert(Array)
#6 E:\Data Aplikasi\Xampp\htdocs\codeigniter4\system\Model.php(729): CodeIgniter\BaseModel->insert(Array, true)
#7 E:\Data Aplikasi\Xampp\htdocs\codeigniter4\app\Controllers\Menu.php(50): CodeIgniter\Model->insert(Array)
#8 E:\Data Aplikasi\Xampp\htdocs\codeigniter4\system\CodeIgniter.php(934): App\Controllers\Menu->tambah()
#9 E:\Data Aplikasi\Xampp\htdocs\codeigniter4\system\CodeIgniter.php(499): CodeIgniter\CodeIgniter->runController(Object(App\Controllers\Menu))
#10 E:\Data Aplikasi\Xampp\htdocs\codeigniter4\system\CodeIgniter.php(368): CodeIgniter\CodeIgniter->handleRequest(NULL, Object(Config\Cache), false)
#11 E:\Data Aplikasi\Xampp\htdocs\codeigniter4\public\index.php(67): CodeIgniter\CodeIgniter->run()
#12 E:\Data Aplikasi\Xampp\htdocs\codeigniter4\system\Commands\Server\rewrite.php(47): require_once('E:\\Data Aplikas...')
#13 {main}
CRITICAL - 2023-02-15 14:13:40 --> Column 'gambar' cannot be null
in SYSTEMPATH\Database\BaseConnection.php on line 645.
 1 SYSTEMPATH\Database\BaseBuilder.php(2295): CodeIgniter\Database\BaseConnection->query('INSERT INTO `menu` (`title`, `gambar`, `harga`) VALUES (:title:, :gambar:, :harga:)', [...], false)
 2 SYSTEMPATH\Model.php(329): CodeIgniter\Database\BaseBuilder->insert()
 3 SYSTEMPATH\BaseModel.php(782): CodeIgniter\Model->doInsert([...])
 4 SYSTEMPATH\Model.php(729): CodeIgniter\BaseModel->insert([...], true)
 5 APPPATH\Controllers\Menu.php(50): CodeIgniter\Model->insert([...])
 6 SYSTEMPATH\CodeIgniter.php(934): App\Controllers\Menu->tambah()
 7 SYSTEMPATH\CodeIgniter.php(499): CodeIgniter\CodeIgniter->runController(Object(App\Controllers\Menu))
 8 SYSTEMPATH\CodeIgniter.php(368): CodeIgniter\CodeIgniter->handleRequest(null, Object(Config\Cache), false)
 9 FCPATH\index.php(67): CodeIgniter\CodeIgniter->run()
10 SYSTEMPATH\Commands\Server\rewrite.php(47): require_once('FCPATH\\index.php')
ERROR - 2023-02-15 14:14:54 --> mysqli_sql_exception: Column 'gambar' cannot be null in E:\Data Aplikasi\Xampp\htdocs\codeigniter4\system\Database\MySQLi\Connection.php:295
Stack trace:
#0 E:\Data Aplikasi\Xampp\htdocs\codeigniter4\system\Database\MySQLi\Connection.php(295): mysqli->query('INSERT INTO `me...', 0)
#1 E:\Data Aplikasi\Xampp\htdocs\codeigniter4\system\Database\BaseConnection.php(691): CodeIgniter\Database\MySQLi\Connection->execute('INSERT INTO `me...')
#2 E:\Data Aplikasi\Xampp\htdocs\codeigniter4\system\Database\BaseConnection.php(605): CodeIgniter\Database\BaseConnection->simpleQuery('INSERT INTO `me...')
#3 E:\Data Aplikasi\Xampp\htdocs\codeigniter4\system\Database\BaseBuilder.php(2295): CodeIgniter\Database\BaseConnection->query('INSERT INTO `me...', Array, false)
#4 E:\Data Aplikasi\Xampp\htdocs\codeigniter4\system\Model.php(329): CodeIgniter\Database\BaseBuilder->insert()
#5 E:\Data Aplikasi\Xampp\htdocs\codeigniter4\system\BaseModel.php(782): CodeIgniter\Model->doInsert(Array)
#6 E:\Data Aplikasi\Xampp\htdocs\codeigniter4\system\Model.php(729): CodeIgniter\BaseModel->insert(Array, true)
#7 E:\Data Aplikasi\Xampp\htdocs\codeigniter4\app\Controllers\Menu.php(50): CodeIgniter\Model->insert(Array)
#8 E:\Data Aplikasi\Xampp\htdocs\codeigniter4\system\CodeIgniter.php(934): App\Controllers\Menu->tambah()
#9 E:\Data Aplikasi\Xampp\htdocs\codeigniter4\system\CodeIgniter.php(499): CodeIgniter\CodeIgniter->runController(Object(App\Controllers\Menu))
#10 E:\Data Aplikasi\Xampp\htdocs\codeigniter4\system\CodeIgniter.php(368): CodeIgniter\CodeIgniter->handleRequest(NULL, Object(Config\Cache), false)
#11 E:\Data Aplikasi\Xampp\htdocs\codeigniter4\public\index.php(67): CodeIgniter\CodeIgniter->run()
#12 E:\Data Aplikasi\Xampp\htdocs\codeigniter4\system\Commands\Server\rewrite.php(47): require_once('E:\\Data Aplikas...')
#13 {main}
CRITICAL - 2023-02-15 14:14:54 --> Column 'gambar' cannot be null
in SYSTEMPATH\Database\BaseConnection.php on line 645.
 1 SYSTEMPATH\Database\BaseBuilder.php(2295): CodeIgniter\Database\BaseConnection->query('INSERT INTO `menu` (`title`, `gambar`, `harga`) VALUES (:title:, :gambar:, :harga:)', [...], false)
 2 SYSTEMPATH\Model.php(329): CodeIgniter\Database\BaseBuilder->insert()
 3 SYSTEMPATH\BaseModel.php(782): CodeIgniter\Model->doInsert([...])
 4 SYSTEMPATH\Model.php(729): CodeIgniter\BaseModel->insert([...], true)
 5 APPPATH\Controllers\Menu.php(50): CodeIgniter\Model->insert([...])
 6 SYSTEMPATH\CodeIgniter.php(934): App\Controllers\Menu->tambah()
 7 SYSTEMPATH\CodeIgniter.php(499): CodeIgniter\CodeIgniter->runController(Object(App\Controllers\Menu))
 8 SYSTEMPATH\CodeIgniter.php(368): CodeIgniter\CodeIgniter->handleRequest(null, Object(Config\Cache), false)
 9 FCPATH\index.php(67): CodeIgniter\CodeIgniter->run()
10 SYSTEMPATH\Commands\Server\rewrite.php(47): require_once('FCPATH\\index.php')
ERROR - 2023-02-15 14:15:27 --> mysqli_sql_exception: Column 'gambar' cannot be null in E:\Data Aplikasi\Xampp\htdocs\codeigniter4\system\Database\MySQLi\Connection.php:295
Stack trace:
#0 E:\Data Aplikasi\Xampp\htdocs\codeigniter4\system\Database\MySQLi\Connection.php(295): mysqli->query('INSERT INTO `me...', 0)
#1 E:\Data Aplikasi\Xampp\htdocs\codeigniter4\system\Database\BaseConnection.php(691): CodeIgniter\Database\MySQLi\Connection->execute('INSERT INTO `me...')
#2 E:\Data Aplikasi\Xampp\htdocs\codeigniter4\system\Database\BaseConnection.php(605): CodeIgniter\Database\BaseConnection->simpleQuery('INSERT INTO `me...')
#3 E:\Data Aplikasi\Xampp\htdocs\codeigniter4\system\Database\BaseBuilder.php(2295): CodeIgniter\Database\BaseConnection->query('INSERT INTO `me...', Array, false)
#4 E:\Data Aplikasi\Xampp\htdocs\codeigniter4\system\Model.php(329): CodeIgniter\Database\BaseBuilder->insert()
#5 E:\Data Aplikasi\Xampp\htdocs\codeigniter4\system\BaseModel.php(782): CodeIgniter\Model->doInsert(Array)
#6 E:\Data Aplikasi\Xampp\htdocs\codeigniter4\system\Model.php(729): CodeIgniter\BaseModel->insert(Array, true)
#7 E:\Data Aplikasi\Xampp\htdocs\codeigniter4\app\Controllers\Menu.php(50): CodeIgniter\Model->insert(Array)
#8 E:\Data Aplikasi\Xampp\htdocs\codeigniter4\system\CodeIgniter.php(934): App\Controllers\Menu->tambah()
#9 E:\Data Aplikasi\Xampp\htdocs\codeigniter4\system\CodeIgniter.php(499): CodeIgniter\CodeIgniter->runController(Object(App\Controllers\Menu))
#10 E:\Data Aplikasi\Xampp\htdocs\codeigniter4\system\CodeIgniter.php(368): CodeIgniter\CodeIgniter->handleRequest(NULL, Object(Config\Cache), false)
#11 E:\Data Aplikasi\Xampp\htdocs\codeigniter4\public\index.php(67): CodeIgniter\CodeIgniter->run()
#12 E:\Data Aplikasi\Xampp\htdocs\codeigniter4\system\Commands\Server\rewrite.php(47): require_once('E:\\Data Aplikas...')
#13 {main}
CRITICAL - 2023-02-15 14:15:27 --> Column 'gambar' cannot be null
in SYSTEMPATH\Database\BaseConnection.php on line 645.
 1 SYSTEMPATH\Database\BaseBuilder.php(2295): CodeIgniter\Database\BaseConnection->query('INSERT INTO `menu` (`title`, `gambar`, `harga`) VALUES (:title:, :gambar:, :harga:)', [...], false)
 2 SYSTEMPATH\Model.php(329): CodeIgniter\Database\BaseBuilder->insert()
 3 SYSTEMPATH\BaseModel.php(782): CodeIgniter\Model->doInsert([...])
 4 SYSTEMPATH\Model.php(729): CodeIgniter\BaseModel->insert([...], true)
 5 APPPATH\Controllers\Menu.php(50): CodeIgniter\Model->insert([...])
 6 SYSTEMPATH\CodeIgniter.php(934): App\Controllers\Menu->tambah()
 7 SYSTEMPATH\CodeIgniter.php(499): CodeIgniter\CodeIgniter->runController(Object(App\Controllers\Menu))
 8 SYSTEMPATH\CodeIgniter.php(368): CodeIgniter\CodeIgniter->handleRequest(null, Object(Config\Cache), false)
 9 FCPATH\index.php(67): CodeIgniter\CodeIgniter->run()
10 SYSTEMPATH\Commands\Server\rewrite.php(47): require_once('FCPATH\\index.php')
CRITICAL - 2023-02-15 15:02:14 --> Undefined array key "id"
in APPPATH\Views\Menu\menu_view.php on line 26.
 1 APPPATH\Views\Menu\menu_view.php(26): CodeIgniter\Debug\Exceptions->errorHandler(2, 'Undefined array key "id"', 'APPPATH\\Views\\Menu\\menu_view.php', 26)
 2 SYSTEMPATH\View\View.php(213): include('APPPATH\\Views\\Menu\\menu_view.php')
 3 SYSTEMPATH\View\View.php(216): CodeIgniter\View\View->CodeIgniter\View\{closure}()
 4 SYSTEMPATH\Common.php(1177): CodeIgniter\View\View->render('/menu/menu_view', [], true)
 5 APPPATH\Controllers\Menu.php(21): view('/menu/menu_view', [...])
 6 SYSTEMPATH\CodeIgniter.php(934): App\Controllers\Menu->index()
 7 SYSTEMPATH\CodeIgniter.php(499): CodeIgniter\CodeIgniter->runController(Object(App\Controllers\Menu))
 8 SYSTEMPATH\CodeIgniter.php(368): CodeIgniter\CodeIgniter->handleRequest(null, Object(Config\Cache), false)
 9 FCPATH\index.php(67): CodeIgniter\CodeIgniter->run()
10 SYSTEMPATH\Commands\Server\rewrite.php(47): require_once('FCPATH\\index.php')
CRITICAL - 2023-02-15 15:14:35 --> syntax error, unexpected token ";", expecting ")"
in APPPATH\Views\Menu\menu_view.php on line 26.
 1 SYSTEMPATH\View\View.php(216): CodeIgniter\View\View->CodeIgniter\View\{closure}()
 2 SYSTEMPATH\Common.php(1177): CodeIgniter\View\View->render('/menu/menu_view', [], true)
 3 APPPATH\Controllers\Menu.php(21): view('/menu/menu_view', [...])
 4 SYSTEMPATH\CodeIgniter.php(934): App\Controllers\Menu->index()
 5 SYSTEMPATH\CodeIgniter.php(499): CodeIgniter\CodeIgniter->runController(Object(App\Controllers\Menu))
 6 SYSTEMPATH\CodeIgniter.php(368): CodeIgniter\CodeIgniter->handleRequest(null, Object(Config\Cache), false)
 7 FCPATH\index.php(67): CodeIgniter\CodeIgniter->run()
 8 SYSTEMPATH\Commands\Server\rewrite.php(47): require_once('FCPATH\\index.php')
CRITICAL - 2023-02-15 15:14:49 --> Too few arguments to function App\Controllers\Menu::edit(), 0 passed in E:\Data Aplikasi\Xampp\htdocs\codeigniter4\system\CodeIgniter.php on line 934 and exactly 1 expected
in APPPATH\Controllers\Menu.php on line 56.
 1 SYSTEMPATH\CodeIgniter.php(934): App\Controllers\Menu->edit()
 2 SYSTEMPATH\CodeIgniter.php(499): CodeIgniter\CodeIgniter->runController(Object(App\Controllers\Menu))
 3 SYSTEMPATH\CodeIgniter.php(368): CodeIgniter\CodeIgniter->handleRequest(null, Object(Config\Cache), false)
 4 FCPATH\index.php(67): CodeIgniter\CodeIgniter->run()
 5 SYSTEMPATH\Commands\Server\rewrite.php(47): require_once('FCPATH\\index.php')
CRITICAL - 2023-02-15 15:15:13 --> Too few arguments to function App\Controllers\Menu::edit(), 0 passed in E:\Data Aplikasi\Xampp\htdocs\codeigniter4\system\CodeIgniter.php on line 934 and exactly 1 expected
in APPPATH\Controllers\Menu.php on line 56.
 1 SYSTEMPATH\CodeIgniter.php(934): App\Controllers\Menu->edit()
 2 SYSTEMPATH\CodeIgniter.php(499): CodeIgniter\CodeIgniter->runController(Object(App\Controllers\Menu))
 3 SYSTEMPATH\CodeIgniter.php(368): CodeIgniter\CodeIgniter->handleRequest(null, Object(Config\Cache), false)
 4 FCPATH\index.php(67): CodeIgniter\CodeIgniter->run()
 5 SYSTEMPATH\Commands\Server\rewrite.php(47): require_once('FCPATH\\index.php')
CRITICAL - 2023-02-15 15:15:16 --> Too few arguments to function App\Controllers\Menu::edit(), 0 passed in E:\Data Aplikasi\Xampp\htdocs\codeigniter4\system\CodeIgniter.php on line 934 and exactly 1 expected
in APPPATH\Controllers\Menu.php on line 56.
 1 SYSTEMPATH\CodeIgniter.php(934): App\Controllers\Menu->edit()
 2 SYSTEMPATH\CodeIgniter.php(499): CodeIgniter\CodeIgniter->runController(Object(App\Controllers\Menu))
 3 SYSTEMPATH\CodeIgniter.php(368): CodeIgniter\CodeIgniter->handleRequest(null, Object(Config\Cache), false)
 4 FCPATH\index.php(67): CodeIgniter\CodeIgniter->run()
 5 SYSTEMPATH\Commands\Server\rewrite.php(47): require_once('FCPATH\\index.php')
CRITICAL - 2023-02-15 15:16:07 --> Undefined variable $id
in APPPATH\Controllers\Menu.php on line 64.
 1 APPPATH\Controllers\Menu.php(64): CodeIgniter\Debug\Exceptions->errorHandler(2, 'Undefined variable $id', 'APPPATH\\Controllers\\Menu.php', 64)
 2 SYSTEMPATH\CodeIgniter.php(934): App\Controllers\Menu->edit()
 3 SYSTEMPATH\CodeIgniter.php(499): CodeIgniter\CodeIgniter->runController(Object(App\Controllers\Menu))
 4 SYSTEMPATH\CodeIgniter.php(368): CodeIgniter\CodeIgniter->handleRequest(null, Object(Config\Cache), false)
 5 FCPATH\index.php(67): CodeIgniter\CodeIgniter->run()
 6 SYSTEMPATH\Commands\Server\rewrite.php(47): require_once('FCPATH\\index.php')
CRITICAL - 2023-02-15 15:16:15 --> Undefined array key "id"
in APPPATH\Views\Menu\editmenu_view.php on line 7.
 1 APPPATH\Views\Menu\editmenu_view.php(7): CodeIgniter\Debug\Exceptions->errorHandler(2, 'Undefined array key "id"', 'APPPATH\\Views\\Menu\\editmenu_view.php', 7)
 2 SYSTEMPATH\View\View.php(213): include('APPPATH\\Views\\Menu\\editmenu_view.php')
 3 SYSTEMPATH\View\View.php(216): CodeIgniter\View\View->CodeIgniter\View\{closure}()
 4 SYSTEMPATH\Common.php(1177): CodeIgniter\View\View->render('/menu/editmenu_view', [], true)
 5 APPPATH\Controllers\Menu.php(67): view('/menu/editmenu_view', [...])
 6 SYSTEMPATH\CodeIgniter.php(934): App\Controllers\Menu->edit()
 7 SYSTEMPATH\CodeIgniter.php(499): CodeIgniter\CodeIgniter->runController(Object(App\Controllers\Menu))
 8 SYSTEMPATH\CodeIgniter.php(368): CodeIgniter\CodeIgniter->handleRequest(null, Object(Config\Cache), false)
 9 FCPATH\index.php(67): CodeIgniter\CodeIgniter->run()
10 SYSTEMPATH\Commands\Server\rewrite.php(47): require_once('FCPATH\\index.php')
CRITICAL - 2023-02-15 15:16:34 --> Undefined array key "id"
in APPPATH\Views\Menu\editmenu_view.php on line 7.
 1 APPPATH\Views\Menu\editmenu_view.php(7): CodeIgniter\Debug\Exceptions->errorHandler(2, 'Undefined array key "id"', 'APPPATH\\Views\\Menu\\editmenu_view.php', 7)
 2 SYSTEMPATH\View\View.php(213): include('APPPATH\\Views\\Menu\\editmenu_view.php')
 3 SYSTEMPATH\View\View.php(216): CodeIgniter\View\View->CodeIgniter\View\{closure}()
 4 SYSTEMPATH\Common.php(1177): CodeIgniter\View\View->render('/menu/editmenu_view', [], true)
 5 APPPATH\Controllers\Menu.php(67): view('/menu/editmenu_view', [...])
 6 SYSTEMPATH\CodeIgniter.php(934): App\Controllers\Menu->edit()
 7 SYSTEMPATH\CodeIgniter.php(499): CodeIgniter\CodeIgniter->runController(Object(App\Controllers\Menu))
 8 SYSTEMPATH\CodeIgniter.php(368): CodeIgniter\CodeIgniter->handleRequest(null, Object(Config\Cache), false)
 9 FCPATH\index.php(67): CodeIgniter\CodeIgniter->run()
10 SYSTEMPATH\Commands\Server\rewrite.php(47): require_once('FCPATH\\index.php')
CRITICAL - 2023-02-15 15:16:37 --> Undefined array key "id"
in APPPATH\Views\Menu\editmenu_view.php on line 7.
 1 APPPATH\Views\Menu\editmenu_view.php(7): CodeIgniter\Debug\Exceptions->errorHandler(2, 'Undefined array key "id"', 'APPPATH\\Views\\Menu\\editmenu_view.php', 7)
 2 SYSTEMPATH\View\View.php(213): include('APPPATH\\Views\\Menu\\editmenu_view.php')
 3 SYSTEMPATH\View\View.php(216): CodeIgniter\View\View->CodeIgniter\View\{closure}()
 4 SYSTEMPATH\Common.php(1177): CodeIgniter\View\View->render('/menu/editmenu_view', [], true)
 5 APPPATH\Controllers\Menu.php(67): view('/menu/editmenu_view', [...])
 6 SYSTEMPATH\CodeIgniter.php(934): App\Controllers\Menu->edit()
 7 SYSTEMPATH\CodeIgniter.php(499): CodeIgniter\CodeIgniter->runController(Object(App\Controllers\Menu))
 8 SYSTEMPATH\CodeIgniter.php(368): CodeIgniter\CodeIgniter->handleRequest(null, Object(Config\Cache), false)
 9 FCPATH\index.php(67): CodeIgniter\CodeIgniter->run()
10 SYSTEMPATH\Commands\Server\rewrite.php(47): require_once('FCPATH\\index.php')
CRITICAL - 2023-02-15 15:16:51 --> Undefined array key "id"
in APPPATH\Views\Menu\editmenu_view.php on line 7.
 1 APPPATH\Views\Menu\editmenu_view.php(7): CodeIgniter\Debug\Exceptions->errorHandler(2, 'Undefined array key "id"', 'APPPATH\\Views\\Menu\\editmenu_view.php', 7)
 2 SYSTEMPATH\View\View.php(213): include('APPPATH\\Views\\Menu\\editmenu_view.php')
 3 SYSTEMPATH\View\View.php(216): CodeIgniter\View\View->CodeIgniter\View\{closure}()
 4 SYSTEMPATH\Common.php(1177): CodeIgniter\View\View->render('/menu/editmenu_view', [], true)
 5 APPPATH\Controllers\Menu.php(67): view('/menu/editmenu_view', [...])
 6 SYSTEMPATH\CodeIgniter.php(934): App\Controllers\Menu->edit()
 7 SYSTEMPATH\CodeIgniter.php(499): CodeIgniter\CodeIgniter->runController(Object(App\Controllers\Menu))
 8 SYSTEMPATH\CodeIgniter.php(368): CodeIgniter\CodeIgniter->handleRequest(null, Object(Config\Cache), false)
 9 FCPATH\index.php(67): CodeIgniter\CodeIgniter->run()
10 SYSTEMPATH\Commands\Server\rewrite.php(47): require_once('FCPATH\\index.php')
CRITICAL - 2023-02-15 15:16:53 --> Undefined array key "id"
in APPPATH\Views\Menu\editmenu_view.php on line 7.
 1 APPPATH\Views\Menu\editmenu_view.php(7): CodeIgniter\Debug\Exceptions->errorHandler(2, 'Undefined array key "id"', 'APPPATH\\Views\\Menu\\editmenu_view.php', 7)
 2 SYSTEMPATH\View\View.php(213): include('APPPATH\\Views\\Menu\\editmenu_view.php')
 3 SYSTEMPATH\View\View.php(216): CodeIgniter\View\View->CodeIgniter\View\{closure}()
 4 SYSTEMPATH\Common.php(1177): CodeIgniter\View\View->render('/menu/editmenu_view', [], true)
 5 APPPATH\Controllers\Menu.php(67): view('/menu/editmenu_view', [...])
 6 SYSTEMPATH\CodeIgniter.php(934): App\Controllers\Menu->edit()
 7 SYSTEMPATH\CodeIgniter.php(499): CodeIgniter\CodeIgniter->runController(Object(App\Controllers\Menu))
 8 SYSTEMPATH\CodeIgniter.php(368): CodeIgniter\CodeIgniter->handleRequest(null, Object(Config\Cache), false)
 9 FCPATH\index.php(67): CodeIgniter\CodeIgniter->run()
10 SYSTEMPATH\Commands\Server\rewrite.php(47): require_once('FCPATH\\index.php')
CRITICAL - 2023-02-15 15:17:10 --> Too few arguments to function App\Controllers\Menu::edit(), 0 passed in E:\Data Aplikasi\Xampp\htdocs\codeigniter4\system\CodeIgniter.php on line 934 and exactly 1 expected
in APPPATH\Controllers\Menu.php on line 56.
 1 SYSTEMPATH\CodeIgniter.php(934): App\Controllers\Menu->edit()
 2 SYSTEMPATH\CodeIgniter.php(499): CodeIgniter\CodeIgniter->runController(Object(App\Controllers\Menu))
 3 SYSTEMPATH\CodeIgniter.php(368): CodeIgniter\CodeIgniter->handleRequest(null, Object(Config\Cache), false)
 4 FCPATH\index.php(67): CodeIgniter\CodeIgniter->run()
 5 SYSTEMPATH\Commands\Server\rewrite.php(47): require_once('FCPATH\\index.php')
CRITICAL - 2023-02-15 15:57:31 --> Undefined array key "d"
in APPPATH\Views\Menu\editmenu_view.php on line 7.
 1 APPPATH\Views\Menu\editmenu_view.php(7): CodeIgniter\Debug\Exceptions->errorHandler(2, 'Undefined array key "d"', 'APPPATH\\Views\\Menu\\editmenu_view.php', 7)
 2 SYSTEMPATH\View\View.php(213): include('APPPATH\\Views\\Menu\\editmenu_view.php')
 3 SYSTEMPATH\View\View.php(216): CodeIgniter\View\View->CodeIgniter\View\{closure}()
 4 SYSTEMPATH\Common.php(1177): CodeIgniter\View\View->render('/menu/editmenu_view', [], true)
 5 APPPATH\Controllers\Menu.php(67): view('/menu/editmenu_view', [...])
 6 SYSTEMPATH\CodeIgniter.php(934): App\Controllers\Menu->edit('3')
 7 SYSTEMPATH\CodeIgniter.php(499): CodeIgniter\CodeIgniter->runController(Object(App\Controllers\Menu))
 8 SYSTEMPATH\CodeIgniter.php(368): CodeIgniter\CodeIgniter->handleRequest(null, Object(Config\Cache), false)
 9 FCPATH\index.php(67): CodeIgniter\CodeIgniter->run()
10 SYSTEMPATH\Commands\Server\rewrite.php(47): require_once('FCPATH\\index.php')
CRITICAL - 2023-02-15 16:03:06 --> The route for "menu" cannot be found.
in SYSTEMPATH\HTTP\RedirectResponse.php on line 60.
 1 SYSTEMPATH\HTTP\RedirectResponse.php(60): CodeIgniter\HTTP\Exceptions\HTTPException::forInvalidRedirectRoute('menu')
 2 SYSTEMPATH\Common.php(869): CodeIgniter\HTTP\RedirectResponse->route(false)
 3 APPPATH\Controllers\Menu.php(72): redirect('menu')
 4 SYSTEMPATH\CodeIgniter.php(934): App\Controllers\Menu->delete('4')
 5 SYSTEMPATH\CodeIgniter.php(499): CodeIgniter\CodeIgniter->runController(Object(App\Controllers\Menu))
 6 SYSTEMPATH\CodeIgniter.php(368): CodeIgniter\CodeIgniter->handleRequest(null, Object(Config\Cache), false)
 7 FCPATH\index.php(67): CodeIgniter\CodeIgniter->run()
 8 SYSTEMPATH\Commands\Server\rewrite.php(47): require_once('FCPATH\\index.php')
CRITICAL - 2023-02-15 16:03:34 --> Undefined variable $menu
in APPPATH\Views\Menu\menu_view.php on line 19.
 1 APPPATH\Views\Menu\menu_view.php(19): CodeIgniter\Debug\Exceptions->errorHandler(2, 'Undefined variable $menu', 'APPPATH\\Views\\Menu\\menu_view.php', 19)
 2 SYSTEMPATH\View\View.php(213): include('APPPATH\\Views\\Menu\\menu_view.php')
 3 SYSTEMPATH\View\View.php(216): CodeIgniter\View\View->CodeIgniter\View\{closure}()
 4 SYSTEMPATH\Common.php(1177): CodeIgniter\View\View->render('menu/menu_view', [], true)
 5 APPPATH\Controllers\Menu.php(72): view('menu/menu_view')
 6 SYSTEMPATH\CodeIgniter.php(934): App\Controllers\Menu->delete('6')
 7 SYSTEMPATH\CodeIgniter.php(499): CodeIgniter\CodeIgniter->runController(Object(App\Controllers\Menu))
 8 SYSTEMPATH\CodeIgniter.php(368): CodeIgniter\CodeIgniter->handleRequest(null, Object(Config\Cache), false)
 9 FCPATH\index.php(67): CodeIgniter\CodeIgniter->run()
10 SYSTEMPATH\Commands\Server\rewrite.php(47): require_once('FCPATH\\index.php')
CRITICAL - 2023-02-15 16:04:54 --> Undefined variable $menu
in APPPATH\Views\Menu\menu_view.php on line 19.
 1 APPPATH\Views\Menu\menu_view.php(19): CodeIgniter\Debug\Exceptions->errorHandler(2, 'Undefined variable $menu', 'APPPATH\\Views\\Menu\\menu_view.php', 19)
 2 SYSTEMPATH\View\View.php(213): include('APPPATH\\Views\\Menu\\menu_view.php')
 3 SYSTEMPATH\View\View.php(216): CodeIgniter\View\View->CodeIgniter\View\{closure}()
 4 SYSTEMPATH\Common.php(1177): CodeIgniter\View\View->render('menu/menu_view', [], true)
 5 APPPATH\Controllers\Menu.php(72): view('menu/menu_view')
 6 SYSTEMPATH\CodeIgniter.php(934): App\Controllers\Menu->delete('5')
 7 SYSTEMPATH\CodeIgniter.php(499): CodeIgniter\CodeIgniter->runController(Object(App\Controllers\Menu))
 8 SYSTEMPATH\CodeIgniter.php(368): CodeIgniter\CodeIgniter->handleRequest(null, Object(Config\Cache), false)
 9 FCPATH\index.php(67): CodeIgniter\CodeIgniter->run()
10 SYSTEMPATH\Commands\Server\rewrite.php(47): require_once('FCPATH\\index.php')
ERROR - 2023-02-15 16:08:02 --> mysqli_sql_exception: Column 'title' cannot be null in E:\Data Aplikasi\Xampp\htdocs\codeigniter4\system\Database\MySQLi\Connection.php:295
Stack trace:
#0 E:\Data Aplikasi\Xampp\htdocs\codeigniter4\system\Database\MySQLi\Connection.php(295): mysqli->query('INSERT INTO `me...', 0)
#1 E:\Data Aplikasi\Xampp\htdocs\codeigniter4\system\Database\BaseConnection.php(691): CodeIgniter\Database\MySQLi\Connection->execute('INSERT INTO `me...')
#2 E:\Data Aplikasi\Xampp\htdocs\codeigniter4\system\Database\BaseConnection.php(605): CodeIgniter\Database\BaseConnection->simpleQuery('INSERT INTO `me...')
#3 E:\Data Aplikasi\Xampp\htdocs\codeigniter4\system\Database\BaseBuilder.php(2295): CodeIgniter\Database\BaseConnection->query('INSERT INTO `me...', Array, false)
#4 E:\Data Aplikasi\Xampp\htdocs\codeigniter4\system\Model.php(329): CodeIgniter\Database\BaseBuilder->insert()
#5 E:\Data Aplikasi\Xampp\htdocs\codeigniter4\system\BaseModel.php(782): CodeIgniter\Model->doInsert(Array)
#6 E:\Data Aplikasi\Xampp\htdocs\codeigniter4\system\Model.php(729): CodeIgniter\BaseModel->insert(Array, true)
#7 E:\Data Aplikasi\Xampp\htdocs\codeigniter4\app\Controllers\Menu.php(69): CodeIgniter\Model->insert(Array)
#8 E:\Data Aplikasi\Xampp\htdocs\codeigniter4\system\CodeIgniter.php(934): App\Controllers\Menu->edit('7')
#9 E:\Data Aplikasi\Xampp\htdocs\codeigniter4\system\CodeIgniter.php(499): CodeIgniter\CodeIgniter->runController(Object(App\Controllers\Menu))
#10 E:\Data Aplikasi\Xampp\htdocs\codeigniter4\system\CodeIgniter.php(368): CodeIgniter\CodeIgniter->handleRequest(NULL, Object(Config\Cache), false)
#11 E:\Data Aplikasi\Xampp\htdocs\codeigniter4\public\index.php(67): CodeIgniter\CodeIgniter->run()
#12 E:\Data Aplikasi\Xampp\htdocs\codeigniter4\system\Commands\Server\rewrite.php(47): require_once('E:\\Data Aplikas...')
#13 {main}
CRITICAL - 2023-02-15 16:08:02 --> Column 'title' cannot be null
in SYSTEMPATH\Database\BaseConnection.php on line 645.
 1 SYSTEMPATH\Database\BaseBuilder.php(2295): CodeIgniter\Database\BaseConnection->query('INSERT INTO `menu` (`title`, `gambar`, `harga`) VALUES (:title:, :gambar:, :harga:)', [...], false)
 2 SYSTEMPATH\Model.php(329): CodeIgniter\Database\BaseBuilder->insert()
 3 SYSTEMPATH\BaseModel.php(782): CodeIgniter\Model->doInsert([...])
 4 SYSTEMPATH\Model.php(729): CodeIgniter\BaseModel->insert([...], true)
 5 APPPATH\Controllers\Menu.php(69): CodeIgniter\Model->insert([...])
 6 SYSTEMPATH\CodeIgniter.php(934): App\Controllers\Menu->edit('7')
 7 SYSTEMPATH\CodeIgniter.php(499): CodeIgniter\CodeIgniter->runController(Object(App\Controllers\Menu))
 8 SYSTEMPATH\CodeIgniter.php(368): CodeIgniter\CodeIgniter->handleRequest(null, Object(Config\Cache), false)
 9 FCPATH\index.php(67): CodeIgniter\CodeIgniter->run()
10 SYSTEMPATH\Commands\Server\rewrite.php(47): require_once('FCPATH\\index.php')
CRITICAL - 2023-02-15 16:28:35 --> Undefined array key "gambar"
in APPPATH\Views\Menu\menu_view.php on line 23.
 1 APPPATH\Views\Menu\menu_view.php(23): CodeIgniter\Debug\Exceptions->errorHandler(2, 'Undefined array key "gambar"', 'APPPATH\\Views\\Menu\\menu_view.php', 23)
 2 SYSTEMPATH\View\View.php(213): include('APPPATH\\Views\\Menu\\menu_view.php')
 3 SYSTEMPATH\View\View.php(216): CodeIgniter\View\View->CodeIgniter\View\{closure}()
 4 SYSTEMPATH\Common.php(1177): CodeIgniter\View\View->render('/menu/menu_view', [], true)
 5 APPPATH\Controllers\Menu.php(21): view('/menu/menu_view', [...])
 6 SYSTEMPATH\CodeIgniter.php(934): App\Controllers\Menu->index()
 7 SYSTEMPATH\CodeIgniter.php(499): CodeIgniter\CodeIgniter->runController(Object(App\Controllers\Menu))
 8 SYSTEMPATH\CodeIgniter.php(368): CodeIgniter\CodeIgniter->handleRequest(null, Object(Config\Cache), false)
 9 FCPATH\index.php(67): CodeIgniter\CodeIgniter->run()
10 SYSTEMPATH\Commands\Server\rewrite.php(47): require_once('FCPATH\\index.php')
CRITICAL - 2023-02-15 16:29:03 --> Undefined array key "gambar"
in APPPATH\Views\Menu\menu_view.php on line 23.
 1 APPPATH\Views\Menu\menu_view.php(23): CodeIgniter\Debug\Exceptions->errorHandler(2, 'Undefined array key "gambar"', 'APPPATH\\Views\\Menu\\menu_view.php', 23)
 2 SYSTEMPATH\View\View.php(213): include('APPPATH\\Views\\Menu\\menu_view.php')
 3 SYSTEMPATH\View\View.php(216): CodeIgniter\View\View->CodeIgniter\View\{closure}()
 4 SYSTEMPATH\Common.php(1177): CodeIgniter\View\View->render('/menu/menu_view', [], true)
 5 APPPATH\Controllers\Menu.php(21): view('/menu/menu_view', [...])
 6 SYSTEMPATH\CodeIgniter.php(934): App\Controllers\Menu->index()
 7 SYSTEMPATH\CodeIgniter.php(499): CodeIgniter\CodeIgniter->runController(Object(App\Controllers\Menu))
 8 SYSTEMPATH\CodeIgniter.php(368): CodeIgniter\CodeIgniter->handleRequest(null, Object(Config\Cache), false)
 9 FCPATH\index.php(67): CodeIgniter\CodeIgniter->run()
10 SYSTEMPATH\Commands\Server\rewrite.php(47): require_once('FCPATH\\index.php')
